<?xml version="1.0" encoding="UTF-8"?>
<testng-results ignored="0" total="1" passed="1" failed="0" skipped="0">
  <reporter-output>
  </reporter-output>
  <suite started-at="2023-11-07T15:22:29 IST" name="Default suite" finished-at="2023-11-07T15:22:41 IST" duration-ms="12229">
    <groups>
      <group name="cucumber">
        <method signature="AbstractTestNGCucumberTests.runScenario(io.cucumber.testng.PickleWrapper,io.cucumber.testng.FeatureWrapper)[pri:0, instance:TestRunner.TestNGTestRunner@1033576a]" name="runScenario" class="io.cucumber.testng.AbstractTestNGCucumberTests"/>
      </group> <!-- cucumber -->
    </groups>
    <test started-at="2023-11-07T15:22:29 IST" name="Default test" finished-at="2023-11-07T15:22:41 IST" duration-ms="12229">
      <class name="TestRunner.TestNGTestRunner">
        <test-method is-config="true" signature="setUpClass(org.testng.ITestContext)[pri:0, instance:TestRunner.TestNGTestRunner@1033576a]" started-at="2023-11-07T15:22:29 IST" name="setUpClass" finished-at="2023-11-07T15:22:29 IST" duration-ms="175" status="PASS">
          <params>
            <param index="0">
              <value>
                <![CDATA[org.testng.TestRunner@fe34b86]]>
              </value>
            </param>
          </params>
          <reporter-output>
          </reporter-output>
        </test-method> <!-- setUpClass -->
        <test-method signature="runScenario(io.cucumber.testng.PickleWrapper,io.cucumber.testng.FeatureWrapper)[pri:0, instance:TestRunner.TestNGTestRunner@1033576a]" started-at="2023-11-07T15:22:29 IST" name="runScenario" description="Runs Cucumber Scenarios" data-provider="scenarios" finished-at="2023-11-07T15:22:41 IST" duration-ms="12010" status="PASS">
          <params>
            <param index="0">
              <value>
                <![CDATA["Search the product name add quantity and place the order for product"]]>
              </value>
            </param>
            <param index="1">
              <value>
                <![CDATA["Search the product increase the quantity and place the order for products"]]>
              </value>
            </param>
          </params>
          <reporter-output>
          </reporter-output>
        </test-method> <!-- runScenario -->
        <test-method is-config="true" signature="tearDownClass()[pri:0, instance:TestRunner.TestNGTestRunner@1033576a]" started-at="2023-11-07T15:22:41 IST" name="tearDownClass" finished-at="2023-11-07T15:22:41 IST" duration-ms="2" status="PASS">
          <reporter-output>
          </reporter-output>
        </test-method> <!-- tearDownClass -->
      </class> <!-- TestRunner.TestNGTestRunner -->
    </test> <!-- Default test -->
  </suite> <!-- Default suite -->
</testng-results>
